<?xml version="1.0" encoding="UTF-8"?>
<testsuites tests="61" failures="0" disabled="0" errors="0" time="0.022" timestamp="2026-06-04T12:31:11.204" name="AllTests">
  <testsuite name="RvcControllerTest" tests="15" failures="0" disabled="0" skipped="0" errors="0" time="0.001" timestamp="2026-06-04T12:31:11.204">
    <testcase name="ControllerMovesForwardWhenPathIsClear" file="C:\Users\edges\source\repos\ooad-vibe\tests\controller_tests.cpp" line="16" status="run" result="completed" time="0." timestamp="2026-06-04T12:31:11.204" classname="RvcControllerTest" />
    <testcase name="IdleControllerReturnsStopAndIgnoresFrontInterrupt" file="C:\Users\edges\source\repos\ooad-vibe\tests\controller_tests.cpp" line="28" status="run" result="completed" time="0." timestamp="2026-06-04T12:31:11.204" classname="RvcControllerTest" />
    <testcase name="StopCleaningReturnsStopAndOff" file="C:\Users\edges\source\repos\ooad-vibe\tests\controller_tests.cpp" line="51" status="run" result="completed" time="0." timestamp="2026-06-04T12:31:11.204" classname="RvcControllerTest" />
    <testcase name="FrontInterruptTriggersImmediateAvoidanceWhenLeftIsOpen" file="C:\Users\edges\source\repos\ooad-vibe\tests\controller_tests.cpp" line="73" status="run" result="completed" time="0." timestamp="2026-06-04T12:31:11.204" classname="RvcControllerTest" />
    <testcase name="FrontInterruptIsConsumedAfterOneTick" file="C:\Users\edges\source\repos\ooad-vibe\tests\controller_tests.cpp" line="89" status="run" result="completed" time="0." timestamp="2026-06-04T12:31:11.204" classname="RvcControllerTest" />
    <testcase name="RightProbeStartsWhenLeftBlocked" file="C:\Users\edges\source\repos\ooad-vibe\tests\controller_tests.cpp" line="110" status="run" result="completed" time="0." timestamp="2026-06-04T12:31:11.205" classname="RvcControllerTest" />
    <testcase name="RightProbeOpenResumesForward" file="C:\Users\edges\source\repos\ooad-vibe\tests\controller_tests.cpp" line="126" status="run" result="completed" time="0." timestamp="2026-06-04T12:31:11.205" classname="RvcControllerTest" />
    <testcase name="RightProbeBlockedAlignsBeforeEscaping" file="C:\Users\edges\source\repos\ooad-vibe\tests\controller_tests.cpp" line="151" status="run" result="completed" time="0." timestamp="2026-06-04T12:31:11.205" classname="RvcControllerTest" />
    <testcase name="EscapingBacksUpThenReprobesRight" file="C:\Users\edges\source\repos\ooad-vibe\tests\controller_tests.cpp" line="179" status="run" result="completed" time="0." timestamp="2026-06-04T12:31:11.205" classname="RvcControllerTest" />
    <testcase name="EscapingTurnsLeftWhenLeftOpens" file="C:\Users\edges\source\repos\ooad-vibe\tests\controller_tests.cpp" line="209" status="run" result="completed" time="0." timestamp="2026-06-04T12:31:11.205" classname="RvcControllerTest" />
    <testcase name="RightProbeWithDustKeepsCleanerOffButPreservesBoostBudget" file="C:\Users\edges\source\repos\ooad-vibe\tests\controller_tests.cpp" line="238" status="run" result="completed" time="0." timestamp="2026-06-04T12:31:11.205" classname="RvcControllerTest" />
    <testcase name="DustBoostLastsConfiguredTicks" file="C:\Users\edges\source\repos\ooad-vibe\tests\controller_tests.cpp" line="261" status="run" result="completed" time="0." timestamp="2026-06-04T12:31:11.205" classname="RvcControllerTest" />
    <testcase name="DustDetectionRefreshesBoostBudget" file="C:\Users\edges\source\repos\ooad-vibe\tests\controller_tests.cpp" line="279" status="run" result="completed" time="0." timestamp="2026-06-04T12:31:11.205" classname="RvcControllerTest" />
    <testcase name="ZeroTickBoostConfigurationDoesNotBoostOnDust" file="C:\Users\edges\source\repos\ooad-vibe\tests\controller_tests.cpp" line="305" status="run" result="completed" time="0." timestamp="2026-06-04T12:31:11.205" classname="RvcControllerTest" />
    <testcase name="AvoidanceOutputStaysOffWhileBoostStateIsMaintained" file="C:\Users\edges\source\repos\ooad-vibe\tests\controller_tests.cpp" line="319" status="run" result="completed" time="0." timestamp="2026-06-04T12:31:11.205" classname="RvcControllerTest" />
  </testsuite>
  <testsuite name="CleaningPowerPolicyTest" tests="2" failures="0" disabled="0" skipped="0" errors="0" time="0." timestamp="2026-06-04T12:31:11.205">
    <testcase name="DustRefreshesAndAgesBoostBudget" file="C:\Users\edges\source\repos\ooad-vibe\tests\policy_tests.cpp" line="17" status="run" result="completed" time="0." timestamp="2026-06-04T12:31:11.205" classname="CleaningPowerPolicyTest" />
    <testcase name="ResetClearsBoostBudget" file="C:\Users\edges\source\repos\ooad-vibe\tests\policy_tests.cpp" line="30" status="run" result="completed" time="0." timestamp="2026-06-04T12:31:11.205" classname="CleaningPowerPolicyTest" />
  </testsuite>
  <testsuite name="NavigationPolicyTest" tests="4" failures="0" disabled="0" skipped="0" errors="0" time="0." timestamp="2026-06-04T12:31:11.206">
    <testcase name="FrontBlockedAndLeftOpenTurnsLeft" file="C:\Users\edges\source\repos\ooad-vibe\tests\policy_tests.cpp" line="40" status="run" result="completed" time="0." timestamp="2026-06-04T12:31:11.206" classname="NavigationPolicyTest" />
    <testcase name="IdlePolicyReturnsStop" file="C:\Users\edges\source\repos\ooad-vibe\tests\policy_tests.cpp" line="54" status="run" result="completed" time="0." timestamp="2026-06-04T12:31:11.206" classname="NavigationPolicyTest" />
    <testcase name="LeftBlockedProbesRightAndOpenProbeResumesForward" file="C:\Users\edges\source\repos\ooad-vibe\tests\policy_tests.cpp" line="64" status="run" result="completed" time="0." timestamp="2026-06-04T12:31:11.206" classname="NavigationPolicyTest" />
    <testcase name="BlockedRightProbeRestoresHeadingBeforeBackingUp" file="C:\Users\edges\source\repos\ooad-vibe\tests\policy_tests.cpp" line="83" status="run" result="completed" time="0." timestamp="2026-06-04T12:31:11.206" classname="NavigationPolicyTest" />
  </testsuite>
  <testsuite name="RvcTest" tests="2" failures="0" disabled="0" skipped="0" errors="0" time="0." timestamp="2026-06-04T12:31:11.206">
    <testcase name="TickReadsAdapterInputsAndAppliesControllerCommand" file="C:\Users\edges\source\repos\ooad-vibe\tests\rvc_tests.cpp" line="30" status="run" result="completed" time="0." timestamp="2026-06-04T12:31:11.206" classname="RvcTest" />
    <testcase name="StopCleaningStillAppliesIdleCommandThroughAdapter" file="C:\Users\edges\source\repos\ooad-vibe\tests\rvc_tests.cpp" line="52" status="run" result="completed" time="0." timestamp="2026-06-04T12:31:11.206" classname="RvcTest" />
  </testsuite>
  <testsuite name="RvcSystemTest" tests="9" failures="0" disabled="0" skipped="0" errors="0" time="0.002" timestamp="2026-06-04T12:31:11.206">
    <testcase name="SimulatorCleansDustAndLogsCommands" file="C:\Users\edges\source\repos\ooad-vibe\tests\system_tests.cpp" line="75" status="run" result="completed" time="0." timestamp="2026-06-04T12:31:11.206" classname="RvcSystemTest" />
    <testcase name="SimulatorRestoresHeadingBeforeBackward" file="C:\Users\edges\source\repos\ooad-vibe\tests\system_tests.cpp" line="90" status="run" result="completed" time="0." timestamp="2026-06-04T12:31:11.207" classname="RvcSystemTest" />
    <testcase name="SimulatorRepeatsProbeCycleWhenBoxedIn" file="C:\Users\edges\source\repos\ooad-vibe\tests\system_tests.cpp" line="110" status="run" result="completed" time="0." timestamp="2026-06-04T12:31:11.207" classname="RvcSystemTest" />
    <testcase name="SimulatorRepeatsRightProbeAfterBackward" file="C:\Users\edges\source\repos\ooad-vibe\tests\system_tests.cpp" line="131" status="run" result="completed" time="0." timestamp="2026-06-04T12:31:11.207" classname="RvcSystemTest" />
    <testcase name="SimulatorKeepsCleanerOffDuringBoostedEscape" file="C:\Users\edges\source\repos\ooad-vibe\tests\system_tests.cpp" line="154" status="run" result="completed" time="0." timestamp="2026-06-04T12:31:11.208" classname="RvcSystemTest" />
    <testcase name="SimulatorTurnsAfterFrontInterrupt" file="C:\Users\edges\source\repos\ooad-vibe\tests\system_tests.cpp" line="171" status="run" result="completed" time="0." timestamp="2026-06-04T12:31:11.208" classname="RvcSystemTest" />
    <testcase name="SimulatorRunWithZeroTicksLeavesRobotAtInitialPose" file="C:\Users\edges\source\repos\ooad-vibe\tests\system_tests.cpp" line="187" status="run" result="completed" time="0." timestamp="2026-06-04T12:31:11.208" classname="RvcSystemTest" />
    <testcase name="SimulatorRejectsNegativeTicks" file="C:\Users\edges\source\repos\ooad-vibe\tests\system_tests.cpp" line="204" status="run" result="completed" time="0." timestamp="2026-06-04T12:31:11.208" classname="RvcSystemTest" />
    <testcase name="SimulatorCanAppendRenderedFrames" file="C:\Users\edges\source\repos\ooad-vibe\tests\system_tests.cpp" line="214" status="run" result="completed" time="0." timestamp="2026-06-04T12:31:11.208" classname="RvcSystemTest" />
  </testsuite>
  <testsuite name="RvcScenarioFileTest" tests="5" failures="0" disabled="0" skipped="0" errors="0" time="0.001" timestamp="2026-06-04T12:31:11.208">
    <testcase name="LoadsScenarioFileWithTicksAndMap" file="C:\Users\edges\source\repos\ooad-vibe\tests\system_tests.cpp" line="228" status="run" result="completed" time="0." timestamp="2026-06-04T12:31:11.208" classname="RvcScenarioFileTest" />
    <testcase name="RejectsMissingOrEmptyMapFilesDuringLoad" file="C:\Users\edges\source\repos\ooad-vibe\tests\system_tests.cpp" line="236" status="run" result="completed" time="0." timestamp="2026-06-04T12:31:11.209" classname="RvcScenarioFileTest" />
    <testcase name="RejectsRobotMarkerErrorsAfterLoadingMap" file="C:\Users\edges\source\repos\ooad-vibe\tests\system_tests.cpp" line="241" status="run" result="completed" time="0." timestamp="2026-06-04T12:31:11.209" classname="RvcScenarioFileTest" />
    <testcase name="RejectsNegativeTickScenarioWhenRun" file="C:\Users\edges\source\repos\ooad-vibe\tests\system_tests.cpp" line="249" status="run" result="completed" time="0." timestamp="2026-06-04T12:31:11.210" classname="RvcScenarioFileTest" />
    <testcase name="UnknownSymbolScenarioDocumentsCurrentValidationGap" file="C:\Users\edges\source\repos\ooad-vibe\tests\system_tests.cpp" line="257" status="run" result="completed" time="0." timestamp="2026-06-04T12:31:11.210" classname="RvcScenarioFileTest" />
  </testsuite>
  <testsuite name="RvcTypesTest" tests="4" failures="0" disabled="0" skipped="0" errors="0" time="0." timestamp="2026-06-04T12:31:11.210">
    <testcase name="TurnLeftCyclesThroughAllDirections" file="C:\Users\edges\source\repos\ooad-vibe\tests\types_tests.cpp" line="13" status="run" result="completed" time="0." timestamp="2026-06-04T12:31:11.210" classname="RvcTypesTest" />
    <testcase name="TurnRightCyclesThroughAllDirections" file="C:\Users\edges\source\repos\ooad-vibe\tests\types_tests.cpp" line="20" status="run" result="completed" time="0." timestamp="2026-06-04T12:31:11.211" classname="RvcTypesTest" />
    <testcase name="OppositeMatchesTwoRightTurns" file="C:\Users\edges\source\repos\ooad-vibe\tests\types_tests.cpp" line="27" status="run" result="completed" time="0." timestamp="2026-06-04T12:31:11.211" classname="RvcTypesTest" />
    <testcase name="StringConversionsExposeStableLogNames" file="C:\Users\edges\source\repos\ooad-vibe\tests\types_tests.cpp" line="34" status="run" result="completed" time="0." timestamp="2026-06-04T12:31:11.211" classname="RvcTypesTest" />
  </testsuite>
  <testsuite name="ScenarioFiles/RvcScenarioRegressionTest" tests="20" failures="0" disabled="0" skipped="0" errors="0" time="0.015" timestamp="2026-06-04T12:31:11.211">
    <testcase name="ScenarioFileRunsWithExpectedOutcome/backward_escape_rvc" value_param="backward_escape.rvc" file="C:\Users\edges\source\repos\ooad-vibe\tests\system_tests.cpp" line="272" status="run" result="completed" time="0." timestamp="2026-06-04T12:31:11.211" classname="ScenarioFiles/RvcScenarioRegressionTest" />
    <testcase name="ScenarioFileRunsWithExpectedOutcome/backward_escape2_rvc" value_param="backward_escape2.rvc" file="C:\Users\edges\source\repos\ooad-vibe\tests\system_tests.cpp" line="272" status="run" result="completed" time="0." timestamp="2026-06-04T12:31:11.211" classname="ScenarioFiles/RvcScenarioRegressionTest" />
    <testcase name="ScenarioFileRunsWithExpectedOutcome/boundary_without_outer_wall_rvc" value_param="boundary_without_outer_wall.rvc" file="C:\Users\edges\source\repos\ooad-vibe\tests\system_tests.cpp" line="272" status="run" result="completed" time="0." timestamp="2026-06-04T12:31:11.212" classname="ScenarioFiles/RvcScenarioRegressionTest" />
    <testcase name="ScenarioFileRunsWithExpectedOutcome/clear_corridor_forward_rvc" value_param="clear_corridor_forward.rvc" file="C:\Users\edges\source\repos\ooad-vibe\tests\system_tests.cpp" line="272" status="run" result="completed" time="0." timestamp="2026-06-04T12:31:11.213" classname="ScenarioFiles/RvcScenarioRegressionTest" />
    <testcase name="ScenarioFileRunsWithExpectedOutcome/continuous_backward_rvc" value_param="continuous_backward.rvc" file="C:\Users\edges\source\repos\ooad-vibe\tests\system_tests.cpp" line="272" status="run" result="completed" time="0." timestamp="2026-06-04T12:31:11.213" classname="ScenarioFiles/RvcScenarioRegressionTest" />
    <testcase name="ScenarioFileRunsWithExpectedOutcome/dense_dust_maze_extreme_rvc" value_param="dense_dust_maze_extreme.rvc" file="C:\Users\edges\source\repos\ooad-vibe\tests\system_tests.cpp" line="272" status="run" result="completed" time="0.001" timestamp="2026-06-04T12:31:11.213" classname="ScenarioFiles/RvcScenarioRegressionTest" />
    <testcase name="ScenarioFileRunsWithExpectedOutcome/dust_and_interrupt_rvc" value_param="dust_and_interrupt.rvc" file="C:\Users\edges\source\repos\ooad-vibe\tests\system_tests.cpp" line="272" status="run" result="completed" time="0." timestamp="2026-06-04T12:31:11.215" classname="ScenarioFiles/RvcScenarioRegressionTest" />
    <testcase name="ScenarioFileRunsWithExpectedOutcome/dust_before_dead_end_escape_rvc" value_param="dust_before_dead_end_escape.rvc" file="C:\Users\edges\source\repos\ooad-vibe\tests\system_tests.cpp" line="272" status="run" result="completed" time="0." timestamp="2026-06-04T12:31:11.216" classname="ScenarioFiles/RvcScenarioRegressionTest" />
    <testcase name="ScenarioFileRunsWithExpectedOutcome/dust_trail_boost_refresh_rvc" value_param="dust_trail_boost_refresh.rvc" file="C:\Users\edges\source\repos\ooad-vibe\tests\system_tests.cpp" line="272" status="run" result="completed" time="0." timestamp="2026-06-04T12:31:11.217" classname="ScenarioFiles/RvcScenarioRegressionTest" />
    <testcase name="ScenarioFileRunsWithExpectedOutcome/front_both_sides_open_rvc" value_param="front_both_sides_open.rvc" file="C:\Users\edges\source\repos\ooad-vibe\tests\system_tests.cpp" line="272" status="run" result="completed" time="0." timestamp="2026-06-04T12:31:11.217" classname="ScenarioFiles/RvcScenarioRegressionTest" />
    <testcase name="ScenarioFileRunsWithExpectedOutcome/front_clears_but_sides_still_blocked_rvc" value_param="front_clears_but_sides_still_blocked.rvc" file="C:\Users\edges\source\repos\ooad-vibe\tests\system_tests.cpp" line="272" status="run" result="completed" time="0." timestamp="2026-06-04T12:31:11.218" classname="ScenarioFiles/RvcScenarioRegressionTest" />
    <testcase name="ScenarioFileRunsWithExpectedOutcome/front_left_only_open_rvc" value_param="front_left_only_open.rvc" file="C:\Users\edges\source\repos\ooad-vibe\tests\system_tests.cpp" line="272" status="run" result="completed" time="0." timestamp="2026-06-04T12:31:11.219" classname="ScenarioFiles/RvcScenarioRegressionTest" />
    <testcase name="ScenarioFileRunsWithExpectedOutcome/front_right_only_open_rvc" value_param="front_right_only_open.rvc" file="C:\Users\edges\source\repos\ooad-vibe\tests\system_tests.cpp" line="272" status="run" result="completed" time="0." timestamp="2026-06-04T12:31:11.219" classname="ScenarioFiles/RvcScenarioRegressionTest" />
    <testcase name="ScenarioFileRunsWithExpectedOutcome/large_open_room_dust_sweep_rvc" value_param="large_open_room_dust_sweep.rvc" file="C:\Users\edges\source\repos\ooad-vibe\tests\system_tests.cpp" line="272" status="run" result="completed" time="0.001" timestamp="2026-06-04T12:31:11.220" classname="ScenarioFiles/RvcScenarioRegressionTest" />
    <testcase name="ScenarioFileRunsWithExpectedOutcome/long_escape_left_exit_extreme_rvc" value_param="long_escape_left_exit_extreme.rvc" file="C:\Users\edges\source\repos\ooad-vibe\tests\system_tests.cpp" line="272" status="run" result="completed" time="0.001" timestamp="2026-06-04T12:31:11.222" classname="ScenarioFiles/RvcScenarioRegressionTest" />
    <testcase name="ScenarioFileRunsWithExpectedOutcome/long_escape_right_exit_extreme_rvc" value_param="long_escape_right_exit_extreme.rvc" file="C:\Users\edges\source\repos\ooad-vibe\tests\system_tests.cpp" line="272" status="run" result="completed" time="0.001" timestamp="2026-06-04T12:31:11.223" classname="ScenarioFiles/RvcScenarioRegressionTest" />
    <testcase name="ScenarioFileRunsWithExpectedOutcome/narrow_tunnel_sides_blocked_front_clear_rvc" value_param="narrow_tunnel_sides_blocked_front_clear.rvc" file="C:\Users\edges\source\repos\ooad-vibe\tests\system_tests.cpp" line="272" status="run" result="completed" time="0." timestamp="2026-06-04T12:31:11.225" classname="ScenarioFiles/RvcScenarioRegressionTest" />
    <testcase name="ScenarioFileRunsWithExpectedOutcome/ragged_map_edge_extreme_rvc" value_param="ragged_map_edge_extreme.rvc" file="C:\Users\edges\source\repos\ooad-vibe\tests\system_tests.cpp" line="272" status="run" result="completed" time="0." timestamp="2026-06-04T12:31:11.225" classname="ScenarioFiles/RvcScenarioRegressionTest" />
    <testcase name="ScenarioFileRunsWithExpectedOutcome/repeated_front_interrupts_alternation_rvc" value_param="repeated_front_interrupts_alternation.rvc" file="C:\Users\edges\source\repos\ooad-vibe\tests\system_tests.cpp" line="272" status="run" result="completed" time="0." timestamp="2026-06-04T12:31:11.226" classname="ScenarioFiles/RvcScenarioRegressionTest" />
    <testcase name="ScenarioFileRunsWithExpectedOutcome/sealed_box_extreme_rvc" value_param="sealed_box_extreme.rvc" file="C:\Users\edges\source\repos\ooad-vibe\tests\system_tests.cpp" line="272" status="run" result="completed" time="0." timestamp="2026-06-04T12:31:11.226" classname="ScenarioFiles/RvcScenarioRegressionTest" />
  </testsuite>
</testsuites>
